<?xml version="1.0" encoding="UTF-8"?>
<!-- Generated by org.testng.reporters.JUnitReportReporter -->
<testsuite skipped="0" hostname="LAPTOP-LTLBT54P" name="MagentoTest" tests="1" failures="0" timestamp="28 Feb 2019 09:02:23 GMT" time="123.532" errors="0">
  <testcase name="positive1" time="123.532" classname="MagentoTest"/>
</testsuite> <!-- MagentoTest -->
